<?xml version="1.0" encoding="UTF-8"?>
<!-- Generated by org.testng.reporters.JUnitReportReporter -->
<testsuite hostname="LIN24009340" failures="0" tests="1" name="payandsubscribe.Demo" time="0.013" errors="0" timestamp="2022-02-28T14:44:07 IST" skipped="0">
  <testcase classname="payandsubscribe.Demo" name="A" time="0.013"/>
  <system-out/>
</testsuite> <!-- payandsubscribe.Demo -->
