<?xml version="1.0" encoding="UTF-8"?>
<!-- Generated by org.testng.reporters.JUnitReportReporter -->
<testsuite hostname="LIN24009340" failures="0" tests="1" name="TestNG_TC.Pay_Enroll" time="26.664" errors="0" timestamp="2024-08-13T09:38:08 IST" skipped="0">
  <testcase classname="TestNG_TC.Pay_Enroll" name="TestCase5" time="26.664"/>
  <system-out/>
</testsuite> <!-- TestNG_TC.Pay_Enroll -->
