<?xml version="1.0" encoding="UTF-8"?>
<!-- Generated by org.testng.reporters.JUnitReportReporter -->
<testsuite hostname="LIN24009340" failures="0" tests="5" name="testRunner.TestRunner" time="248.798" errors="0" timestamp="2022-03-14T17:11:41 IST" skipped="0">
  <testcase classname="testRunner.TestRunner" name="runScenario" time="45.398"/>
  <system-out/>
  <testcase classname="testRunner.TestRunner" name="runScenario" time="47.910"/>
  <system-out/>
  <testcase classname="testRunner.TestRunner" name="runScenario" time="58.643"/>
  <system-out/>
  <testcase classname="testRunner.TestRunner" name="runScenario" time="54.467"/>
  <system-out/>
  <testcase classname="testRunner.TestRunner" name="runScenario" time="42.380"/>
  <system-out/>
</testsuite> <!-- testRunner.TestRunner -->
