<?xml version="1.0" encoding="UTF-8"?>
<!-- Generated by org.testng.reporters.JUnitReportReporter -->
<testsuite hostname="LIN24009340" failures="0" tests="5" name="TestNG_TC.Pay_Enroll" time="278.824" errors="0" timestamp="2022-03-14T15:22:48 IST" skipped="0">
  <testcase classname="TestNG_TC.Pay_Enroll" name="TestCase4" time="94.730"/>
  <system-out/>
  <testcase classname="TestNG_TC.Pay_Enroll" name="TestCase2" time="57.396"/>
  <system-out/>
  <testcase classname="TestNG_TC.Pay_Enroll" name="TestCase3" time="42.052"/>
  <system-out/>
  <testcase classname="TestNG_TC.Pay_Enroll" name="TestCase1" time="41.935"/>
  <system-out/>
  <testcase classname="TestNG_TC.Pay_Enroll" name="TestCase5" time="42.711"/>
  <system-out/>
</testsuite> <!-- TestNG_TC.Pay_Enroll -->
