<?xml version="1.0" encoding="UTF-8"?>
<!-- Generated by org.testng.reporters.JUnitReportReporter -->
<testsuite hostname="LIN24009340" failures="0" tests="1" name="TestNG_TC.Pay_Enroll" time="79.209" errors="0" timestamp="2022-03-14T10:15:52 IST" skipped="0">
  <testcase classname="TestNG_TC.Pay_Enroll" name="Enroll_With_ValidCard_And_InvalidCVV" time="79.209"/>
  <system-out/>
</testsuite> <!-- TestNG_TC.Pay_Enroll -->
