<?xml version="1.0" encoding="UTF-8"?>
<!-- Generated by org.testng.reporters.JUnitReportReporter -->
<testsuite hostname="LIN24009340" failures="0" tests="5" name="TestNG_TC.Pay_Enroll" time="288.009" errors="0" timestamp="2022-03-14T17:17:34 IST" skipped="0">
  <testcase classname="TestNG_TC.Pay_Enroll" name="TestCase5" time="54.411"/>
  <system-out/>
  <testcase classname="TestNG_TC.Pay_Enroll" name="TestCase2" time="61.192"/>
  <system-out/>
  <testcase classname="TestNG_TC.Pay_Enroll" name="TestCase3" time="43.953"/>
  <system-out/>
  <testcase classname="TestNG_TC.Pay_Enroll" name="TestCase1" time="68.969"/>
  <system-out/>
  <testcase classname="TestNG_TC.Pay_Enroll" name="TestCase4" time="59.484"/>
  <system-out/>
</testsuite> <!-- TestNG_TC.Pay_Enroll -->
