<?xml version="1.0" encoding="UTF-8"?>
<!-- Generated by org.testng.reporters.JUnitReportReporter -->
<testsuite hostname="LIN24009340" failures="0" tests="5" name="testRunner.TestRunner" time="242.095" errors="0" timestamp="2022-03-14T15:17:10 IST" skipped="0">
  <testcase classname="testRunner.TestRunner" name="runScenario" time="55.501"/>
  <system-out/>
  <testcase classname="testRunner.TestRunner" name="runScenario" time="41.698"/>
  <system-out/>
  <testcase classname="testRunner.TestRunner" name="runScenario" time="46.537"/>
  <system-out/>
  <testcase classname="testRunner.TestRunner" name="runScenario" time="46.202"/>
  <system-out/>
  <testcase classname="testRunner.TestRunner" name="runScenario" time="52.157"/>
  <system-out/>
</testsuite> <!-- testRunner.TestRunner -->
